[debug] > Exec(early(addDefaultCommands), None, None)
[debug] > Exec(addDefaultCommands, None, None)
[debug] > Exec(early(initialize), None, None)
[debug] > Exec(initialize, None, None)
[debug] > Exec(early(addPluginSbtFile="""C:\Users\CYTECH~1\AppData\Local\Temp\idea4.sbt"""), None, None)
[debug] > Exec(addPluginSbtFile="""C:\Users\CYTECH~1\AppData\Local\Temp\idea4.sbt""", None, None)
[debug] > Exec(boot, None, None)
[debug] > Exec(writeSbtVersion, None, None)
[debug] > Exec(reload, None, None)
[debug] > Exec(sbtStashOnFailure, None, None)
[debug] > Exec(onFailure loadFailed, None, None)
[debug] > Exec(loadp, None, None)
[info] welcome to sbt 1.10.0 (Amazon.com Inc. Java 11.0.25)
[debug]       Load.loadUnit: plugins took 58.6787ms
[debug]       Load.loadUnit: defsScala took 0.1564ms
[debug] [Loading] Scanning directory C:\Users\CYTech Student\.sbt\1.0\plugins
[debug] [Loading] Found non-root projects 
[debug] [Loading] Done in C:\Users\CYTech Student\.sbt\1.0\plugins, returning: ()
[debug] deducing auto plugins based on known facts Set(Atom(sbt.plugins.CorePlugin)) and clauses Clauses(Clause(Atom(sbt.plugins.JvmPlugin),Set(Atom(sbt.plugins.IvyPlugin)))
[debug] Clause(Atom(sbt.ScriptedPlugin),Set(Atom(sbt.plugins.JvmPlugin)))
[debug] Clause(Atom(sbt.plugins.SbtPlugin),Set(Atom(sbt.ScriptedPlugin)))
[debug] Clause(Atom(sbt.plugins.SemanticdbPlugin),Set(Atom(sbt.plugins.JvmPlugin)))
[debug] Clause(Atom(sbt.plugins.JUnitXmlReportPlugin),Set(Atom(sbt.plugins.JvmPlugin)))
[debug] Clause(Atom(sbt.plugins.MiniDependencyTreePlugin),Set(Atom(sbt.plugins.JvmPlugin)))
[debug] Clause(Atom(sbt.plugins.CorePlugin),Set(Atom(sbt.plugins.IvyPlugin)))
[debug] Clause(Atom(sbt.plugins.IvyPlugin),Set(Atom(sbt.plugins.JvmPlugin)))
[debug] Clause(Atom(sbt.plugins.JvmPlugin),Set(Atom(sbt.plugins.SemanticdbPlugin)))
[debug] Clause(Atom(sbt.plugins.JvmPlugin),Set(Atom(sbt.plugins.JUnitXmlReportPlugin)))
[debug] Clause(Atom(sbt.plugins.CorePlugin),Set(Atom(sbt.plugins.Giter8TemplatePlugin)))
[debug] Clause(Atom(sbt.plugins.JvmPlugin),Set(Atom(sbt.plugins.MiniDependencyTreePlugin))))
[debug]   :: deduced result: Matched(sbt.plugins.CorePlugin,sbt.plugins.Giter8TemplatePlugin,sbt.plugins.IvyPlugin,sbt.plugins.JvmPlugin,sbt.plugins.MiniDependencyTreePlugin,sbt.plugins.JUnitXmlReportPlugin,sbt.plugins.SemanticdbPlugin)
[debug] Plugins.deducer#function took 17.8147 ms
[debug]           Load.resolveProject(global-plugins) took 31.8816ms
[debug]         Load.loadTransitive: finalizeProject(Project(id global-plugins, base: C:\Users\CYTech Student\.sbt\1.0\plugins, plugins: List(<none>))) took 65.4343ms
[debug] [Loading] Done in C:\Users\CYTech Student\.sbt\1.0\plugins, returning: (global-plugins)
[debug]       Load.loadUnit: loadedProjectsRaw took 80.843ms
[debug]       Load.loadUnit: cleanEvalClasses took 0.1325ms
[debug]     Load.loadUnit(file:/C:/Users/CYTech%20Student/.sbt/1.0/plugins/, ...) took 146.0087ms
[debug]   Load.apply: load took 289.0768ms
[debug]   Load.apply: resolveProjects took 5.5118ms
[debug]   Load.apply: finalTransforms took 46.4078ms
[debug]   Load.apply: config.delegates took 7.4882ms
[debug]   Load.apply: Def.make(settings)... took 318.8298ms
[debug]   Load.apply: structureIndex took 89.6594ms
[debug]   Load.apply: mkStreams took 1.7971ms
[info] loading global plugins from C:\Users\CYTech Student\.sbt\1.0\plugins
[debug] Running task... Cancel: Signal, check cycles: false, forcegc: true
[debug] Load.defaultLoad until apply took 2779.7276ms
[debug]           Load.loadUnit: plugins took 26.4314ms
[debug]           Load.loadUnit: defsScala took 0.0096ms
[debug] [Loading] Scanning directory H:\Desktop\Scala\UVT-SENTIMENT-ANALYSIS\project
[debug]             Load.loadUnit: mkEval took 9.2149ms
[debug] [Loading] Found non-root projects 
[debug] [Loading] Done in H:\Desktop\Scala\UVT-SENTIMENT-ANALYSIS\project, returning: ()
[debug] deducing auto plugins based on known facts Set(Atom(sbt.plugins.CorePlugin)) and clauses Clauses(Clause(Atom(sbt.plugins.JvmPlugin),Set(Atom(sbt.plugins.IvyPlugin)))
[debug] Clause(Atom(sbt.ScriptedPlugin),Set(Atom(sbt.plugins.JvmPlugin)))
[debug] Clause(Atom(sbt.plugins.SbtPlugin),Set(Atom(sbt.ScriptedPlugin)))
[debug] Clause(Atom(sbt.plugins.SemanticdbPlugin),Set(Atom(sbt.plugins.JvmPlugin)))
[debug] Clause(Atom(sbt.plugins.JUnitXmlReportPlugin),Set(Atom(sbt.plugins.JvmPlugin)))
[debug] Clause(Atom(sbt.plugins.MiniDependencyTreePlugin),Set(Atom(sbt.plugins.JvmPlugin)))
[debug] Clause(Atom(sbt.plugins.CorePlugin),Set(Atom(sbt.plugins.IvyPlugin)))
[debug] Clause(Atom(sbt.plugins.IvyPlugin),Set(Atom(sbt.plugins.JvmPlugin)))
[debug] Clause(Atom(sbt.plugins.JvmPlugin),Set(Atom(sbt.plugins.SemanticdbPlugin)))
[debug] Clause(Atom(sbt.plugins.JvmPlugin),Set(Atom(sbt.plugins.JUnitXmlReportPlugin)))
[debug] Clause(Atom(sbt.plugins.CorePlugin),Set(Atom(sbt.plugins.Giter8TemplatePlugin)))
[debug] Clause(Atom(sbt.plugins.JvmPlugin),Set(Atom(sbt.plugins.MiniDependencyTreePlugin))))
[debug]   :: deduced result: Matched(sbt.plugins.CorePlugin,sbt.plugins.Giter8TemplatePlugin,sbt.plugins.IvyPlugin,sbt.plugins.JvmPlugin,sbt.plugins.MiniDependencyTreePlugin,sbt.plugins.JUnitXmlReportPlugin,sbt.plugins.SemanticdbPlugin)
[debug] Plugins.deducer#function took 1.8916 ms
[info] loading settings for project uvt-sentiment-analysis-build from idea4.sbt ...
[debug]               Load.resolveProject(uvt-sentiment-analysis-build) took 2.4655ms
[debug]             Load.loadTransitive: finalizeProject(Project(id uvt-sentiment-analysis-build, base: H:\Desktop\Scala\UVT-SENTIMENT-ANALYSIS\project, plugins: List(<none>))) took 4.8432ms
[debug] [Loading] Done in H:\Desktop\Scala\UVT-SENTIMENT-ANALYSIS\project, returning: (uvt-sentiment-analysis-build)
[debug]           Load.loadUnit: loadedProjectsRaw took 2231.0012ms
[debug]           Load.loadUnit: cleanEvalClasses took 4.3087ms
[debug]         Load.loadUnit(file:/H:/Desktop/Scala/UVT-SENTIMENT-ANALYSIS/project/, ...) took 2262.7077ms
[debug]       Load.apply: load took 2264.1838ms
[debug]       Load.apply: resolveProjects took 0.0919ms
[debug]       Load.apply: finalTransforms took 11.0842ms
[debug]       Load.apply: config.delegates took 1.0344ms
[debug]       Load.apply: Def.make(settings)... took 70.1591ms
[debug]       Load.apply: structureIndex took 25.0628ms
[debug]       Load.apply: mkStreams took 0.002ms
[info] loading project definition from H:\Desktop\Scala\UVT-SENTIMENT-ANALYSIS\project
[debug] Running task... Cancel: Signal, check cycles: false, forcegc: true
[warn] Unrecognized repository Scala Plugin Bundled Repository, ignoring it
[warn] Unrecognized repository Scala Plugin Bundled Repository, ignoring it
[debug]     Load.loadUnit: plugins took 4400.8954ms
[debug]     Load.loadUnit: defsScala took 0.0042ms
[debug] [Loading] Scanning directory H:\Desktop\Scala\UVT-SENTIMENT-ANALYSIS
[debug]       Load.loadUnit: mkEval took 0.323ms
[debug] [Loading] Found root project root w/ remaining 
[debug] deducing auto plugins based on known facts Set(Atom(sbt.plugins.CorePlugin)) and clauses Clauses(Clause(Atom(sbt.plugins.JvmPlugin),Set(Atom(sbt.plugins.IvyPlugin)))
[debug] Clause(Atom(sbt.ScriptedPlugin),Set(Atom(sbt.plugins.JvmPlugin)))
[debug] Clause(Atom(sbt.plugins.SbtPlugin),Set(Atom(sbt.ScriptedPlugin)))
[debug] Clause(Atom(sbt.plugins.SemanticdbPlugin),Set(Atom(sbt.plugins.JvmPlugin)))
[debug] Clause(Atom(sbt.plugins.JUnitXmlReportPlugin),Set(Atom(sbt.plugins.JvmPlugin)))
[debug] Clause(Atom(sbt.plugins.MiniDependencyTreePlugin),Set(Atom(sbt.plugins.JvmPlugin)))
[debug] Clause(Atom(org.jetbrains.sbt.StructurePlugin),Set(Atom(sbt.plugins.JvmPlugin)))
[debug] Clause(Atom(org.jetbrains.sbt.IdeaShellPlugin),Set(Atom(sbt.plugins.JvmPlugin)))
[debug] Clause(Atom(org.jetbrains.sbt.indices.SbtIntellijIndicesPlugin),Set(Atom(sbt.plugins.JvmPlugin)))
[debug] Clause(Atom(sbt.plugins.CorePlugin),Set(Atom(sbt.plugins.IvyPlugin)))
[debug] Clause(Atom(sbt.plugins.IvyPlugin),Set(Atom(sbt.plugins.JvmPlugin)))
[debug] Clause(Atom(sbt.plugins.JvmPlugin),Set(Atom(sbt.plugins.SemanticdbPlugin)))
[debug] Clause(Atom(sbt.plugins.JvmPlugin),Set(Atom(sbt.plugins.JUnitXmlReportPlugin)))
[debug] Clause(Atom(sbt.plugins.CorePlugin),Set(Atom(sbt.plugins.Giter8TemplatePlugin)))
[debug] Clause(Atom(sbt.plugins.JvmPlugin),Set(Atom(sbt.plugins.MiniDependencyTreePlugin)))
[debug] Clause(Atom(sbt.plugins.JvmPlugin),Set(Atom(org.jetbrains.sbt.StructurePlugin)))
[debug] Clause(Atom(sbt.plugins.JvmPlugin),Set(Atom(org.jetbrains.sbt.IdeaShellPlugin)))
[debug] Clause(And(Set(Atom(sbt.plugins.CorePlugin), Atom(sbt.plugins.JvmPlugin))),Set(Atom(org.jetbrains.sbt.indices.SbtIntellijIndicesPlugin))))
[debug]   :: deduced result: Matched(sbt.plugins.CorePlugin,sbt.plugins.Giter8TemplatePlugin,sbt.plugins.IvyPlugin,sbt.plugins.JvmPlugin,sbt.plugins.SemanticdbPlugin,org.jetbrains.sbt.indices.SbtIntellijIndicesPlugin,sbt.plugins.JUnitXmlReportPlugin,org.jetbrains.sbt.IdeaShellPlugin,org.jetbrains.sbt.StructurePlugin,sbt.plugins.MiniDependencyTreePlugin)
[debug] Plugins.deducer#function took 1.2275 ms
[info] loading settings for project root from build.sbt ...
[debug]         Load.resolveProject(root) took 45.7708ms
[debug]       Load.loadTransitive: finalizeProject(Project(id root, base: H:\Desktop\Scala\UVT-SENTIMENT-ANALYSIS, plugins: List(<none>))) took 48.7329ms
[debug] [Loading] Done in H:\Desktop\Scala\UVT-SENTIMENT-ANALYSIS, returning: (root)
[debug]     Load.loadUnit: loadedProjectsRaw took 2777.9046ms
[debug]     Load.loadUnit: cleanEvalClasses took 5.6813ms
[debug]   Load.loadUnit(file:/H:/Desktop/Scala/UVT-SENTIMENT-ANALYSIS/, ...) took 7185.2978ms
[debug] Load.apply: load took 7186.6712ms
[debug] Load.apply: resolveProjects took 0.1276ms
[debug] Load.apply: finalTransforms took 29.1816ms
[debug] Load.apply: config.delegates took 0.3532ms
[debug] Load.apply: Def.make(settings)... took 61.3165ms
[debug] Load.apply: structureIndex took 20.5703ms
[debug] Load.apply: mkStreams took 0.0057ms
[info] set current project to UVT-SENTIMENT-ANALYSIS (in build file:/H:/Desktop/Scala/UVT-SENTIMENT-ANALYSIS/)
[debug] > Exec(sbtPopOnFailure, None, None)
[debug] > Exec(resumeFromFailure, None, None)
[debug] > Exec(notifyUsersAboutShell, None, None)
[debug] > Exec(iflast shell, None, None)
[debug] > Exec(; set ideaPort in Global := 49824 ; idea-shell, None, None)
[debug] > Exec(set ideaPort in Global := 49824, None, None)
[info] Defining Global / ideaPort
[info] The new value will be used by Compile / compile, Test / compile
[debug] Defining 
[debug] 	Global / ideaPort
[debug] 
[debug] The new value will be used by 
[debug] 	Compile / compile
[debug] 	Test / compile
[info] Reapplying settings...
[info] set current project to UVT-SENTIMENT-ANALYSIS (in build file:/H:/Desktop/Scala/UVT-SENTIMENT-ANALYSIS/)
[debug] > Exec(idea-shell, None, None)
